<?xml version="1.0" encoding="UTF-8"?>
<testsuite xmlns:xsi="http://www.w3.org/2001/XMLSchema-instance" xsi:noNamespaceSchemaLocation="https://maven.apache.org/surefire/maven-surefire-plugin/xsd/surefire-test-report.xsd" version="3.0.2" name="com.convene.api.ConveneApiApplicationTests" time="7.997" tests="1" errors="0" skipped="0" failures="0">
  <properties>
[...]
</properties>
  <testcase name="contextLoads" classname="com.convene.api.ConveneApiApplicationTests" time="1.268">
    <system-out><![CDATA[00:28:36.608 [main] INFO org.springframework.test.context.support.AnnotationConfigContextLoaderUtils -- Could not detect default configuration classes for test class [com.convene.api.ConveneApiApplicationTests]: ConveneApiApplicationTests does not declare any static, non-private, non-final, nested classes annotated with @Configuration.
00:28:37.178 [main] INFO org.springframework.boot.test.context.SpringBootTestContextBootstrapper -- Found @SpringBootConfiguration com.convene.api.ConveneApiApplication for test class com.convene.api.ConveneApiApplicationTests

  .   ____          _            __ _ _
 /\\ / ___'_ __ _ _(_)_ __  __ _ \ \ \ \
( ( )\___ | '_ | '_| | '_ \/ _` | \ \ \ \
 \\/  ___)| |_)| | | | | || (_| |  ) ) ) )
  '  |____| .__|_| |_|_| |_\__, | / / / /
 =========|_|==============|___/=/_/_/_/

 :: Spring Boot ::                (v3.5.7)

2025-11-14T00:28:38.137+01:00  INFO 16692 --- [convene-api] [           main] c.c.api.ConveneApiApplicationTests       : Starting ConveneApiApplicationTests using Java 17.0.12 with PID 16692 (started by univers in C:\ATELIER_6_AWS\convene-api)
2025-11-14T00:28:38.140+01:00  INFO 16692 --- [convene-api] [           main] c.c.api.ConveneApiApplicationTests       : No active profile set, falling back to 1 default profile: "default"
2025-11-14T00:28:40.823+01:00  INFO 16692 --- [convene-api] [           main] o.s.b.a.w.s.WelcomePageHandlerMapping    : Adding welcome page template: index
2025-11-14T00:28:41.479+01:00  INFO 16692 --- [convene-api] [           main] efaultSchemaResourceGraphQlSourceBuilder : Loaded 1 resource(s) in the GraphQL schema.
2025-11-14T00:28:42.104+01:00  INFO 16692 --- [convene-api] [           main] o.s.b.a.g.GraphQlAutoConfiguration       : GraphQL schema inspection:
	Unmapped fields: {Mutation=[deletBook]}
	Unmapped registrations: {Mutation.deleteBook=BookGraphQLController#deleteBook[1 args]}
	Unmapped arguments: {}
	Skipped types: []
2025-11-14T00:28:42.255+01:00  INFO 16692 --- [convene-api] [           main] s.b.a.g.s.GraphQlWebMvcAutoConfiguration : GraphQL endpoint HTTP POST /graphql
2025-11-14T00:28:42.652+01:00  WARN 16692 --- [convene-api] [           main] .s.s.UserDetailsServiceAutoConfiguration : 

Using generated security password: 47e868c1-9aab-49ab-9f0f-d9138c0c74f0

This generated password is for development use only. Your security configuration must be updated before running your application in production.

2025-11-14T00:28:42.667+01:00  INFO 16692 --- [convene-api] [           main] r$InitializeUserDetailsManagerConfigurer : Global AuthenticationManager configured with UserDetailsService bean with name inMemoryUserDetailsManager
2025-11-14T00:28:42.941+01:00  INFO 16692 --- [convene-api] [           main] c.c.api.ConveneApiApplicationTests       : Started ConveneApiApplicationTests in 5.379 seconds (process running for 8.044)
]]></system-out>
  </testcase>
</testsuite>